test_dsyev, lwork = 69632
test_dsyev, elapsed time:  4861.4606 msec
test_dsyev, CPU     time:  8036.3522 msec
test_dsyev, CPU    ratio:     1.6531
test_dsyev, info = 0
test_dsyevd, lwork = 8400897
test_dsyevd, liwork = 10243
test_dsyevd, elapsed time:   392.1653 msec
test_dsyevd, CPU     time:  5368.8395 msec
test_dsyevd, CPU    ratio:    13.6902
test_dsyevd, info = 0
test_dsyevr, lwork = 67584
test_dsyevr, liwork = 20480
test_dsyevr, elapsed time:   805.5533 msec
test_dsyevr, CPU     time:  5074.1973 msec
test_dsyevr, CPU    ratio:     6.2990
test_dsyevr, info = 0
test_dsyevx, lwork = 71680
test_dsyevx, elapsed time:  3969.7935 msec
test_dsyevx, CPU     time:  7250.8882 msec
test_dsyevx, CPU    ratio:     1.8265
test_dsyevx, info = 0
