test_dsyev, lwork = 36864
test_dsyev, elapsed time:   588.7190 msec
test_dsyev, CPU     time:  9273.4494 msec
test_dsyev, CPU    ratio:    15.7519
test_dsyev, info = 0
test_dsyevd, lwork = 8400897
test_dsyevd, liwork = 10243
test_dsyevd, elapsed time:   225.9445 msec
test_dsyevd, CPU     time:  3484.7997 msec
test_dsyevd, CPU    ratio:    15.4233
test_dsyevd, info = 0
test_dsyevr, lwork = 71680
test_dsyevr, liwork = 20480
test_dsyevr, elapsed time:   698.6027 msec
test_dsyevr, CPU     time:  3277.1783 msec
test_dsyevr, CPU    ratio:     4.6910
test_dsyevr, info = 0
test_dsyevx, lwork = 71680
test_dsyevx, elapsed time:   542.2216 msec
test_dsyevx, CPU     time:  8547.6614 msec
test_dsyevx, CPU    ratio:    15.7641
test_dsyevx, info = 0
