openblas_get_num_threads   16
openblas_get_parallel     Thread
openblas_get_corename     COOPERLAKE
openblas_get_config       OpenBLAS 0.3.28 NO_AFFINITY COOPERLAKE MAX_THREADS=16
test_dgemm
test_dgemm, elapsed time:    19.0384 msec
test_dgemm, CPU     time:   304.4784 msec
test_dgemm, CPU    ratio:    15.9929
test_dgemm
test_dsyrk, elapsed time:    12.3618 msec
test_dsyrk, CPU     time:   174.9698 msec
test_dsyrk, CPU    ratio:    14.1541
test_dsyev, lwork = 69632
test_dsyev, elapsed time:  2854.0255 msec
test_dsyev, CPU     time:  7516.8896 msec
test_dsyev, CPU    ratio:     2.6338
test_dsyev, info = 0
test_dsyevd, lwork = 8400897
test_dsyevd, liwork = 10243
test_dsyevd, elapsed time:   375.3906 msec
test_dsyevd, CPU     time:  6006.1389 msec
test_dsyevd, CPU    ratio:    15.9997
test_dsyevd, info = 0
test_dsyevr, lwork = 67584
test_dsyevr, liwork = 20480
test_dsyevr, elapsed time:   780.9900 msec
test_dsyevr, CPU     time:  6384.5117 msec
test_dsyevr, CPU    ratio:     8.1749
test_dsyevr, info = 0
test_dsyevx, lwork = 71680
test_dsyevx, elapsed time:  2404.4098 msec
test_dsyevx, CPU     time:  7116.2994 msec
test_dsyevx, CPU    ratio:     2.9597
test_dsyevx, info = 0
test_dspgv
test_dspgv, elapsed time:  4694.9945 msec
test_dspgv, CPU     time: 19506.9404 msec
test_dspgv, CPU    ratio:     4.1548
test_dspgv, info = 0
test_dsyevd, lwork = 8400897
test_dsyevd, liwork = 10243
test_dspgvd, elapsed time:  2223.1721 msec
test_dspgvd, CPU     time: 19546.2907 msec
test_dspgvd, CPU    ratio:     8.7921
test_dspgvd, info = 0
test_dspgvx
test_dspgvx, elapsed time:  1812.4854 msec
test_dspgvx, CPU     time: 19785.6307 msec
test_dspgvx, CPU    ratio:    10.9163
test_dspgvx, info = 0
